0 info it worked if it ends with ok
1 verbose cli [ 'D:\\Develop\\nodejs\\node.exe',
1 verbose cli   'D:\\Develop\\nodejs\\node_modules\\npm\\bin\\npm-cli.js',
1 verbose cli   'run',
1 verbose cli   'start' ]
2 info using npm@5.6.0
3 info using node@v8.11.1
4 verbose run-script [ 'prestart', 'start', 'poststart' ]
5 info lifecycle demo@0.0.0~prestart: demo@0.0.0
6 info lifecycle demo@0.0.0~start: demo@0.0.0
7 verbose lifecycle demo@0.0.0~start: unsafe-perm in lifecycle true
8 verbose lifecycle demo@0.0.0~start: PATH: D:\Develop\nodejs\node_modules\npm\node_modules\npm-lifecycle\node-gyp-bin;D:\Develop\littleDemo\毕业设计小demo\node_modules\.bin;C:\ProgramData\Oracle\Java\javapath;C:\WINDOWS\System32\Wbem;C:\WINDOWS\System32\WindowsPowerShell\v1.0\;C:\Program Files (x86)\NVIDIA Corporation\PhysX\Common;C:\Windows\system32\config\systemprofile\.dnx\bin;C:\Program Files\Microsoft DNX\Dnvm\;C:\Program Files\Microsoft SQL Server\120\Tools\Binn\;C:\Program Files\Microsoft SQL Server\130\Tools\Binn\;C:\Program Files\MySQL\MySQL Utilities 1.6\;D:\Develop\node.js\;D:\Develop\nodejs\node_global;D:\Develop\nodejs\node_global;C:\windows\system32\;D:\Develop\MongoDB\bin；%Git_HOME%\usr\bin;;Git_HOME%\bin\;D:\Develop\Git\cmd;C:\Program Files\MySQL\MySQL Server 5.70\bin;D:\Develop\python2.7.1;D:\Develop\nodejs\;D:\Develop\nodejs\node_global;D:\Develop\nodejs\node_global;D:\Develop\MongoDB\bin;D:\Develop\heroku\bin;D:\Develop\Git\usr\bin;C:\Users\穿越我的天空\AppData\Local\atom\bin
9 verbose lifecycle demo@0.0.0~start: CWD: D:\Develop\littleDemo\毕业设计小demo
10 silly lifecycle demo@0.0.0~start: Args: [ '/d /s /c', 'node ./bin/www' ]
11 silly lifecycle demo@0.0.0~start: Returned: code: 3221225786  signal: null
12 info lifecycle demo@0.0.0~start: Failed to exec start script
13 verbose stack Error: demo@0.0.0 start: `node ./bin/www`
13 verbose stack Exit status 3221225786
13 verbose stack     at EventEmitter.<anonymous> (D:\Develop\nodejs\node_modules\npm\node_modules\npm-lifecycle\index.js:285:16)
13 verbose stack     at emitTwo (events.js:126:13)
13 verbose stack     at EventEmitter.emit (events.js:214:7)
13 verbose stack     at ChildProcess.<anonymous> (D:\Develop\nodejs\node_modules\npm\node_modules\npm-lifecycle\lib\spawn.js:55:14)
13 verbose stack     at emitTwo (events.js:126:13)
13 verbose stack     at ChildProcess.emit (events.js:214:7)
13 verbose stack     at maybeClose (internal/child_process.js:925:16)
13 verbose stack     at Process.ChildProcess._handle.onexit (internal/child_process.js:209:5)
14 verbose pkgid demo@0.0.0
15 verbose cwd D:\Develop\littleDemo\毕业设计小demo
16 verbose Windows_NT 10.0.10240
17 verbose argv "D:\\Develop\\nodejs\\node.exe" "D:\\Develop\\nodejs\\node_modules\\npm\\bin\\npm-cli.js" "run" "start"
18 verbose node v8.11.1
19 verbose npm  v5.6.0
20 error code ELIFECYCLE
21 error errno 3221225786
22 error demo@0.0.0 start: `node ./bin/www`
22 error Exit status 3221225786
23 error Failed at the demo@0.0.0 start script.
23 error This is probably not a problem with npm. There is likely additional logging output above.
24 verbose exit [ 3221225786, true ]
